<?xml version="1.0" encoding="UTF-8"?>
<!-- Generated by org.testng.reporters.JUnitReportReporter -->
<testsuite hostname="user-PC" failures="0" tests="1" name="TestNG.Test6" time="30.532" errors="0" timestamp="2022-02-09T12:46:30 IST" skipped="0">
  <testcase classname="TestNG.Test6" name="test" time="30.532"/>
  <system-out>
    <![CDATA[https://www.facebook.com/login/?next=https%3A%2F%2Fwww.facebook.com%2Fpages%2Fcreate%2F%3Fref_type%3Dregistration_form
Log in to Facebook]]>
  </system-out>
</testsuite> <!-- TestNG.Test6 -->
