<?xml version="1.0" encoding="UTF-8"?>
<!-- Generated by org.testng.reporters.JUnitReportReporter -->
<testsuite hostname="user-PC" failures="0" tests="1" name="TestNG.Test0" time="0.001" errors="0" timestamp="2022-02-09T12:23:11 IST" skipped="0">
  <testcase classname="TestNG.Test0" name="demo" time="0.001"/>
  <system-out>
    <![CDATA[hello
hi]]>
  </system-out>
</testsuite> <!-- TestNG.Test0 -->
