<?xml version="1.0" encoding="UTF-8"?>
<!-- Generated by org.testng.reporters.JUnitReportReporter -->
<testsuite hostname="user-PC" failures="0" tests="1" name="TestNG.Test8" time="32.215" errors="0" timestamp="2022-02-09T14:39:37 IST" skipped="0">
  <testcase classname="TestNG.Test8" name="demo" time="32.215"/>
  <system-out>
    <![CDATA[https://www.facebook.com/
Facebook]]>
  </system-out>
</testsuite> <!-- TestNG.Test8 -->
