<?xml version="1.0" encoding="UTF-8"?>
<!-- Generated by org.testng.reporters.JUnitReportReporter -->
<testsuite hostname="user-PC" failures="0" tests="6" name="TestNG.Test3" time="0.021" errors="0" timestamp="2022-02-09T12:23:11 IST" skipped="0">
  <testcase classname="TestNG.Test3" name="status" time="0.001"/>
  <system-out>
    <![CDATA[status]]>
  </system-out>
  <testcase classname="TestNG.Test3" name="status" time="0.001"/>
  <system-out>
    <![CDATA[status]]>
  </system-out>
  <testcase classname="TestNG.Test3" name="chats" time="0.001"/>
  <system-out>
    <![CDATA[chats]]>
  </system-out>
  <testcase classname="TestNG.Test3" name="calls" time="0.002"/>
  <system-out>
    <![CDATA[calls]]>
  </system-out>
  <testcase classname="TestNG.Test3" name="calls" time="0.015"/>
  <system-out>
    <![CDATA[calls]]>
  </system-out>
  <testcase classname="TestNG.Test3" name="calls" time="0.001"/>
  <system-out>
    <![CDATA[calls]]>
  </system-out>
</testsuite> <!-- TestNG.Test3 -->
