<?xml version="1.0" encoding="UTF-8"?>
<!-- Generated by org.testng.reporters.JUnitReportReporter -->
<testsuite hostname="user-PC" failures="0" tests="3" name="TestNG.Test1" time="455.543" errors="0" timestamp="2022-02-09T13:21:31 IST" skipped="0">
  <testcase classname="TestNG.Test1" name="demo" time="151.847"/>
  <system-out>
    <![CDATA[https://www.facebook.com/
Facebook]]>
  </system-out>
  <testcase classname="TestNG.Test1" name="demo" time="151.848"/>
  <system-out>
    <![CDATA[https://www.facebook.com/
Facebook – log in or sign up]]>
  </system-out>
  <testcase classname="TestNG.Test1" name="demo" time="151.848"/>
  <system-out>
    <![CDATA[https://www.facebook.com/
Facebook – log in or sign up]]>
  </system-out>
</testsuite> <!-- TestNG.Test1 -->
