<?xml version="1.0" encoding="UTF-8"?>
<!-- Generated by org.testng.reporters.JUnitReportReporter -->
<testsuite hostname="user-PC" failures="0" tests="6" name="TestNG.Test4" time="0.021" errors="0" timestamp="2022-02-09T12:48:40 IST" skipped="1">
  <testcase classname="TestNG.Test4" name="status" time="0.014"/>
  <system-out>
    <![CDATA[status]]>
  </system-out>
  <testcase classname="TestNG.Test4" name="status" time="0.002"/>
  <system-out>
    <![CDATA[status]]>
  </system-out>
  <testcase classname="TestNG.Test4" name="calls" time="0.002"/>
  <system-out>
    <![CDATA[calls]]>
  </system-out>
  <testcase classname="TestNG.Test4" name="calls" time="0.002"/>
  <system-out>
    <![CDATA[calls]]>
  </system-out>
  <testcase classname="TestNG.Test4" name="calls" time="0.001"/>
  <system-out>
    <![CDATA[calls]]>
  </system-out>
  <testcase classname="TestNG.Test4" name="chats">
    <skipped/>
  </testcase> <!-- chats -->
  <system-out/>
</testsuite> <!-- TestNG.Test4 -->
