<?xml version="1.0" encoding="UTF-8"?>
<!-- Generated by org.testng.reporters.JUnitReportReporter -->
<testsuite hostname="user-PC" failures="0" tests="1" name="TestNG.Test5" time="30.055" errors="0" timestamp="2022-02-09T12:23:11 IST" skipped="0">
  <testcase classname="TestNG.Test5" name="test" time="30.055"/>
  <system-out>
    <![CDATA[https://www.facebook.com/login/identify/?ctx=recover&ars=facebook_login&from_login_screen=0
Forgotten Password | Can't Log In | Facebook]]>
  </system-out>
</testsuite> <!-- TestNG.Test5 -->
